[2026-07-03T07:10:14.033Z] Detecting TypeScript workspace from: /Users/tapiwajoel/IdeaProjects/tapiwajoel/frontend-services
[2026-07-03T07:10:14.035Z] Found TypeScript dependency at: /Users/tapiwajoel/IdeaProjects/tapiwajoel/frontend-services
[2026-07-03T07:10:14.036Z] Found comprehensive base TypeScript configuration at: /Users/tapiwajoel/IdeaProjects/tapiwajoel/frontend-services
[2026-07-03T07:10:14.036Z] Found common monorepo directory structure (packages) at: /Users/tapiwajoel/IdeaProjects/tapiwajoel/frontend-services
[2026-07-03T07:10:14.036Z] New best workspace candidate: /Users/tapiwajoel/IdeaProjects/tapiwajoel/frontend-services (score: 100, type: unknown)
[2026-07-03T07:10:14.036Z] Selected workspace root: /Users/tapiwajoel/IdeaProjects/tapiwajoel/frontend-services (score: 100)
[2026-07-03T07:10:14.037Z] No workspace configuration detected, using single-project mode: /Users/tapiwajoel/IdeaProjects/tapiwajoel/frontend-services
[2026-07-03T07:10:14.037Z] Starting TSServer manager with workspace: /Users/tapiwajoel/IdeaProjects/tapiwajoel/frontend-services
[2026-07-03T07:10:14.037Z] TSServer Manager ready (using connection pool)
[2026-07-03T07:19:45.459Z] Detecting TypeScript workspace from: /Users/tapiwajoel/IdeaProjects/tapiwajoel/frontend-services
[2026-07-03T07:19:45.460Z] Found TypeScript dependency at: /Users/tapiwajoel/IdeaProjects/tapiwajoel/frontend-services
[2026-07-03T07:19:45.460Z] Found comprehensive base TypeScript configuration at: /Users/tapiwajoel/IdeaProjects/tapiwajoel/frontend-services
[2026-07-03T07:19:45.461Z] Found common monorepo directory structure (packages) at: /Users/tapiwajoel/IdeaProjects/tapiwajoel/frontend-services
[2026-07-03T07:19:45.461Z] New best workspace candidate: /Users/tapiwajoel/IdeaProjects/tapiwajoel/frontend-services (score: 100, type: unknown)
[2026-07-03T07:19:45.461Z] Selected workspace root: /Users/tapiwajoel/IdeaProjects/tapiwajoel/frontend-services (score: 100)
[2026-07-03T07:19:45.461Z] No workspace configuration detected, using single-project mode: /Users/tapiwajoel/IdeaProjects/tapiwajoel/frontend-services
[2026-07-03T07:19:45.461Z] Starting TSServer manager with workspace: /Users/tapiwajoel/IdeaProjects/tapiwajoel/frontend-services
[2026-07-03T07:19:45.462Z] TSServer Manager ready (using connection pool)
[2026-07-09T18:24:21.069Z] Detecting TypeScript workspace from: /Users/tapiwajoel/IdeaProjects/tapiwajoel/frontend-services
[2026-07-09T18:24:21.070Z] Found TypeScript dependency at: /Users/tapiwajoel/IdeaProjects/tapiwajoel/frontend-services
[2026-07-09T18:24:21.070Z] Found comprehensive base TypeScript configuration at: /Users/tapiwajoel/IdeaProjects/tapiwajoel/frontend-services
[2026-07-09T18:24:21.070Z] Found common monorepo directory structure (packages) at: /Users/tapiwajoel/IdeaProjects/tapiwajoel/frontend-services
[2026-07-09T18:24:21.070Z] New best workspace candidate: /Users/tapiwajoel/IdeaProjects/tapiwajoel/frontend-services (score: 100, type: unknown)
[2026-07-09T18:24:21.070Z] Selected workspace root: /Users/tapiwajoel/IdeaProjects/tapiwajoel/frontend-services (score: 100)
[2026-07-09T18:24:21.071Z] No workspace configuration detected, using single-project mode: /Users/tapiwajoel/IdeaProjects/tapiwajoel/frontend-services
[2026-07-09T18:24:21.071Z] Starting TSServer manager with workspace: /Users/tapiwajoel/IdeaProjects/tapiwajoel/frontend-services
[2026-07-09T18:24:21.072Z] TSServer Manager ready (using connection pool)
[2026-07-09T18:37:54.842Z] Detecting TypeScript workspace from: /Users/tapiwajoel/IdeaProjects/tapiwajoel/frontend-services
[2026-07-09T18:37:54.843Z] Found TypeScript dependency at: /Users/tapiwajoel/IdeaProjects/tapiwajoel/frontend-services
[2026-07-09T18:37:54.844Z] Found comprehensive base TypeScript configuration at: /Users/tapiwajoel/IdeaProjects/tapiwajoel/frontend-services
[2026-07-09T18:37:54.844Z] Found common monorepo directory structure (packages) at: /Users/tapiwajoel/IdeaProjects/tapiwajoel/frontend-services
[2026-07-09T18:37:54.844Z] New best workspace candidate: /Users/tapiwajoel/IdeaProjects/tapiwajoel/frontend-services (score: 100, type: unknown)
[2026-07-09T18:37:54.844Z] Selected workspace root: /Users/tapiwajoel/IdeaProjects/tapiwajoel/frontend-services (score: 100)
[2026-07-09T18:37:54.844Z] No workspace configuration detected, using single-project mode: /Users/tapiwajoel/IdeaProjects/tapiwajoel/frontend-services
[2026-07-09T18:37:54.845Z] Starting TSServer manager with workspace: /Users/tapiwajoel/IdeaProjects/tapiwajoel/frontend-services
[2026-07-09T18:37:54.845Z] TSServer Manager ready (using connection pool)
[2026-07-10T05:04:30.944Z] Detecting TypeScript workspace from: /Users/tapiwajoel/IdeaProjects/tapiwajoel/frontend-services
[2026-07-10T05:04:30.945Z] Found TypeScript dependency at: /Users/tapiwajoel/IdeaProjects/tapiwajoel/frontend-services
[2026-07-10T05:04:30.946Z] Found comprehensive base TypeScript configuration at: /Users/tapiwajoel/IdeaProjects/tapiwajoel/frontend-services
[2026-07-10T05:04:30.946Z] Found common monorepo directory structure (packages) at: /Users/tapiwajoel/IdeaProjects/tapiwajoel/frontend-services
[2026-07-10T05:04:30.946Z] New best workspace candidate: /Users/tapiwajoel/IdeaProjects/tapiwajoel/frontend-services (score: 100, type: unknown)
[2026-07-10T05:04:30.946Z] Selected workspace root: /Users/tapiwajoel/IdeaProjects/tapiwajoel/frontend-services (score: 100)
[2026-07-10T05:04:30.946Z] No workspace configuration detected, using single-project mode: /Users/tapiwajoel/IdeaProjects/tapiwajoel/frontend-services
[2026-07-10T05:04:30.947Z] Starting TSServer manager with workspace: /Users/tapiwajoel/IdeaProjects/tapiwajoel/frontend-services
[2026-07-10T05:04:30.947Z] TSServer Manager ready (using connection pool)
[2026-07-10T07:13:51.651Z] Detecting TypeScript workspace from: /Users/tapiwajoel/IdeaProjects/tapiwajoel/frontend-services
[2026-07-10T07:13:51.652Z] Found TypeScript dependency at: /Users/tapiwajoel/IdeaProjects/tapiwajoel/frontend-services
[2026-07-10T07:13:51.652Z] Found comprehensive base TypeScript configuration at: /Users/tapiwajoel/IdeaProjects/tapiwajoel/frontend-services
[2026-07-10T07:13:51.652Z] Found common monorepo directory structure (packages) at: /Users/tapiwajoel/IdeaProjects/tapiwajoel/frontend-services
[2026-07-10T07:13:51.652Z] New best workspace candidate: /Users/tapiwajoel/IdeaProjects/tapiwajoel/frontend-services (score: 100, type: unknown)
[2026-07-10T07:13:51.652Z] Selected workspace root: /Users/tapiwajoel/IdeaProjects/tapiwajoel/frontend-services (score: 100)
[2026-07-10T07:13:51.652Z] No workspace configuration detected, using single-project mode: /Users/tapiwajoel/IdeaProjects/tapiwajoel/frontend-services
[2026-07-10T07:13:51.653Z] Starting TSServer manager with workspace: /Users/tapiwajoel/IdeaProjects/tapiwajoel/frontend-services
[2026-07-10T07:13:51.653Z] TSServer Manager ready (using connection pool)
